{
"contracts/Raffle.sol":{"l":{"71":3,"72":3,"73":3,"74":3,"75":3,"76":3,"77":3,"78":3,"85":3,"86":1,"88":2,"89":0,"92":2,"95":2,"120":0,"121":0,"122":0,"123":0,"124":0,"125":0,"132":0,"133":0,"134":0,"140":0,"141":0,"154":0,"165":0,"168":0,"169":0,"170":0,"171":0,"172":0,"173":0,"174":0,"176":0,"180":4,"184":1,"188":0,"192":1,"196":0,"200":0,"204":0,"208":0,"212":4},"path":"/home/kartik/LEARNING/WebDev/Web3(FCC)/Learning-Web3-FCC-/contracts/Raffle.sol","s":{"1":3,"2":2,"3":2,"4":2,"5":0,"6":0,"7":0,"8":0,"9":0,"10":0,"11":0,"12":0,"13":0,"14":0,"15":0,"16":0,"17":0,"18":4,"19":1,"20":0,"21":1,"22":0,"23":0,"24":0,"25":0,"26":4},"b":{"1":[1,2],"2":[0,2],"3":[0,0],"4":[0,0]},"f":{"1":3,"2":3,"3":0,"4":0,"5":0,"6":4,"7":1,"8":0,"9":1,"10":0,"11":0,"12":0,"13":0,"14":4},"fnMap":{"1":{"name":"constructor","line":70,"loc":{"start":{"line":63,"column":4},"end":{"line":79,"column":4}}},"2":{"name":"enterRaffle","line":81,"loc":{"start":{"line":81,"column":4},"end":{"line":96,"column":4}}},"3":{"name":"checkUpkeep","line":109,"loc":{"start":{"line":109,"column":4},"end":{"line":126,"column":4}}},"4":{"name":"performUpkeep","line":128,"loc":{"start":{"line":128,"column":4},"end":{"line":155,"column":4}}},"5":{"name":"fulfillRandomWords","line":157,"loc":{"start":{"line":157,"column":4},"end":{"line":177,"column":4}}},"6":{"name":"getEntranceFee","line":179,"loc":{"start":{"line":179,"column":4},"end":{"line":181,"column":4}}},"7":{"name":"getPlayer","line":183,"loc":{"start":{"line":183,"column":4},"end":{"line":185,"column":4}}},"8":{"name":"getRecentWinner","line":187,"loc":{"start":{"line":187,"column":4},"end":{"line":189,"column":4}}},"9":{"name":"getRaffleState","line":191,"loc":{"start":{"line":191,"column":4},"end":{"line":193,"column":4}}},"10":{"name":"getNumWords","line":195,"loc":{"start":{"line":195,"column":4},"end":{"line":197,"column":4}}},"11":{"name":"getNumberOfPlayers","line":199,"loc":{"start":{"line":199,"column":4},"end":{"line":201,"column":4}}},"12":{"name":"getLatestTimeStamp","line":203,"loc":{"start":{"line":203,"column":4},"end":{"line":205,"column":4}}},"13":{"name":"getRequestConfirmations","line":207,"loc":{"start":{"line":207,"column":4},"end":{"line":209,"column":4}}},"14":{"name":"getInterval","line":211,"loc":{"start":{"line":211,"column":4},"end":{"line":213,"column":4}}}},"statementMap":{"1":{"start":{"line":85,"column":8},"end":{"line":85,"column":2837}},"2":{"start":{"line":88,"column":8},"end":{"line":88,"column":2937}},"3":{"start":{"line":92,"column":8},"end":{"line":92,"column":42}},"4":{"start":{"line":95,"column":8},"end":{"line":95,"column":36}},"5":{"start":{"line":120,"column":8},"end":{"line":120,"column":57}},"6":{"start":{"line":121,"column":8},"end":{"line":121,"column":74}},"7":{"start":{"line":122,"column":8},"end":{"line":122,"column":48}},"8":{"start":{"line":123,"column":8},"end":{"line":123,"column":53}},"9":{"start":{"line":125,"column":8},"end":{"line":125,"column":33}},"10":{"start":{"line":132,"column":8},"end":{"line":132,"column":47}},"11":{"start":{"line":133,"column":8},"end":{"line":133,"column":4564}},"12":{"start":{"line":141,"column":8},"end":{"line":141,"column":4824}},"13":{"start":{"line":154,"column":8},"end":{"line":154,"column":45}},"14":{"start":{"line":165,"column":8},"end":{"line":165,"column":5840}},"15":{"start":{"line":172,"column":8},"end":{"line":172,"column":78}},"16":{"start":{"line":173,"column":8},"end":{"line":173,"column":6196}},"17":{"start":{"line":176,"column":8},"end":{"line":176,"column":39}},"18":{"start":{"line":180,"column":8},"end":{"line":180,"column":27}},"19":{"start":{"line":184,"column":8},"end":{"line":184,"column":31}},"20":{"start":{"line":188,"column":8},"end":{"line":188,"column":29}},"21":{"start":{"line":192,"column":8},"end":{"line":192,"column":28}},"22":{"start":{"line":196,"column":8},"end":{"line":196,"column":24}},"23":{"start":{"line":200,"column":8},"end":{"line":200,"column":31}},"24":{"start":{"line":204,"column":8},"end":{"line":204,"column":30}},"25":{"start":{"line":208,"column":8},"end":{"line":208,"column":36}},"26":{"start":{"line":212,"column":8},"end":{"line":212,"column":25}}},"branchMap":{"1":{"line":85,"type":"if","locations":[{"start":{"line":85,"column":8},"end":{"line":85,"column":8}},{"start":{"line":85,"column":8},"end":{"line":85,"column":8}}]},"2":{"line":88,"type":"if","locations":[{"start":{"line":88,"column":8},"end":{"line":88,"column":8}},{"start":{"line":88,"column":8},"end":{"line":88,"column":8}}]},"3":{"line":133,"type":"if","locations":[{"start":{"line":133,"column":8},"end":{"line":133,"column":8}},{"start":{"line":133,"column":8},"end":{"line":133,"column":8}}]},"4":{"line":173,"type":"if","locations":[{"start":{"line":173,"column":8},"end":{"line":173,"column":8}},{"start":{"line":173,"column":8},"end":{"line":173,"column":8}}]}}},
"contracts/tests/VRFCoordinatorV2_5Mock.sol":{"l":{},"path":"/home/kartik/LEARNING/WebDev/Web3(FCC)/Learning-Web3-FCC-/contracts/tests/VRFCoordinatorV2_5Mock.sol","s":{},"b":{},"f":{},"fnMap":{},"statementMap":{},"branchMap":{}}}
