TN:
SF:/home/kartik/LEARNING/WebDev/Web3(FCC)/Learning-Web3-FCC-/contracts/Raffle.sol
FN:70,constructor
FN:81,enterRaffle
FN:109,checkUpkeep
FN:128,performUpkeep
FN:157,fulfillRandomWords
FN:179,getEntranceFee
FN:183,getPlayer
FN:187,getRecentWinner
FN:191,getRaffleState
FN:195,getNumWords
FN:199,getNumberOfPlayers
FN:203,getLatestTimeStamp
FN:207,getRequestConfirmations
FN:211,getInterval
FNF:14
FNH:6
FNDA:3,constructor
FNDA:3,enterRaffle
FNDA:0,checkUpkeep
FNDA:0,performUpkeep
FNDA:0,fulfillRandomWords
FNDA:4,getEntranceFee
FNDA:1,getPlayer
FNDA:0,getRecentWinner
FNDA:1,getRaffleState
FNDA:0,getNumWords
FNDA:0,getNumberOfPlayers
FNDA:0,getLatestTimeStamp
FNDA:0,getRequestConfirmations
FNDA:4,getInterval
DA:71,3
DA:72,3
DA:73,3
DA:74,3
DA:75,3
DA:76,3
DA:77,3
DA:78,3
DA:85,3
DA:86,1
DA:88,2
DA:89,0
DA:92,2
DA:95,2
DA:120,0
DA:121,0
DA:122,0
DA:123,0
DA:124,0
DA:125,0
DA:132,0
DA:133,0
DA:134,0
DA:140,0
DA:141,0
DA:154,0
DA:165,0
DA:168,0
DA:169,0
DA:170,0
DA:171,0
DA:172,0
DA:173,0
DA:174,0
DA:176,0
DA:180,4
DA:184,1
DA:188,0
DA:192,1
DA:196,0
DA:200,0
DA:204,0
DA:208,0
DA:212,4
LF:44
LH:17
BRDA:85,1,0,1
BRDA:85,1,1,2
BRDA:88,2,0,0
BRDA:88,2,1,2
BRDA:133,3,0,0
BRDA:133,3,1,0
BRDA:173,4,0,0
BRDA:173,4,1,0
BRF:8
BRH:3
end_of_record
TN:
SF:/home/kartik/LEARNING/WebDev/Web3(FCC)/Learning-Web3-FCC-/contracts/tests/VRFCoordinatorV2_5Mock.sol
FNF:0
FNH:0
LF:0
LH:0
BRF:0
BRH:0
end_of_record
